Determining if the pthread_create exist failed with the following output:
Change Dir: /home/wang/L1/code_google/build/CMakeFiles/CMakeTmp

Run Build Command:"/usr/bin/make" "cmTC_55fef/fast"
/usr/bin/make -f CMakeFiles/cmTC_55fef.dir/build.make CMakeFiles/cmTC_55fef.dir/build
make[1]: 进入目录“/home/wang/L1/code_google/build/CMakeFiles/CMakeTmp”
Building C object CMakeFiles/cmTC_55fef.dir/CheckSymbolExists.c.o
/usr/bin/cc    -o CMakeFiles/cmTC_55fef.dir/CheckSymbolExists.c.o   -c /home/wang/L1/code_google/build/CMakeFiles/CMakeTmp/CheckSymbolExists.c
Linking C executable cmTC_55fef
/usr/bin/cmake -E cmake_link_script CMakeFiles/cmTC_55fef.dir/link.txt --verbose=1
/usr/bin/cc      CMakeFiles/cmTC_55fef.dir/CheckSymbolExists.c.o  -o cmTC_55fef 
CMakeFiles/cmTC_55fef.dir/CheckSymbolExists.c.o：在函数‘main’中：
CheckSymbolExists.c:(.text+0x1b)：对‘pthread_create’未定义的引用
collect2: error: ld returned 1 exit status
CMakeFiles/cmTC_55fef.dir/build.make:97: recipe for target 'cmTC_55fef' failed
make[1]: *** [cmTC_55fef] Error 1
make[1]: 离开目录“/home/wang/L1/code_google/build/CMakeFiles/CMakeTmp”
Makefile:126: recipe for target 'cmTC_55fef/fast' failed
make: *** [cmTC_55fef/fast] Error 2

File /home/wang/L1/code_google/build/CMakeFiles/CMakeTmp/CheckSymbolExists.c:
/* */
#include <pthread.h>

int main(int argc, char** argv)
{
  (void)argv;
#ifndef pthread_create
  return ((int*)(&pthread_create))[argc];
#else
  (void)argc;
  return 0;
#endif
}

Determining if the function pthread_create exists in the pthreads failed with the following output:
Change Dir: /home/wang/L1/code_google/build/CMakeFiles/CMakeTmp

Run Build Command:"/usr/bin/make" "cmTC_9a70a/fast"
/usr/bin/make -f CMakeFiles/cmTC_9a70a.dir/build.make CMakeFiles/cmTC_9a70a.dir/build
make[1]: 进入目录“/home/wang/L1/code_google/build/CMakeFiles/CMakeTmp”
Building C object CMakeFiles/cmTC_9a70a.dir/CheckFunctionExists.c.o
/usr/bin/cc   -DCHECK_FUNCTION_EXISTS=pthread_create   -o CMakeFiles/cmTC_9a70a.dir/CheckFunctionExists.c.o   -c /usr/share/cmake-3.10/Modules/CheckFunctionExists.c
Linking C executable cmTC_9a70a
/usr/bin/cmake -E cmake_link_script CMakeFiles/cmTC_9a70a.dir/link.txt --verbose=1
/usr/bin/cc  -DCHECK_FUNCTION_EXISTS=pthread_create    CMakeFiles/cmTC_9a70a.dir/CheckFunctionExists.c.o  -o cmTC_9a70a -lpthreads 
/usr/bin/ld: 找不到 -lpthreads
collect2: error: ld returned 1 exit status
CMakeFiles/cmTC_9a70a.dir/build.make:97: recipe for target 'cmTC_9a70a' failed
make[1]: *** [cmTC_9a70a] Error 1
make[1]: 离开目录“/home/wang/L1/code_google/build/CMakeFiles/CMakeTmp”
Makefile:126: recipe for target 'cmTC_9a70a/fast' failed
make: *** [cmTC_9a70a/fast] Error 2


